2018-11-09 10:21:40,630 [SwingWorker-pool-4-thread-3] INFO  DataModelerAddin - Oracle SQL Developer Data Modeler 17.3.0.261.1541
2018-12-28 14:56:39,291 [AWT-EventQueue-0] INFO  ERDEditor - Oracle SQL Developer Data Modeler 17.3.0.261.1541
2018-12-29 18:25:30,149 [AWT-EventQueue-0] INFO  DataModelerAddin - Oracle SQL Developer Data Modeler 17.3.0.261.1541
2018-12-29 18:37:27,850 [AWT-EventQueue-0] ERROR ControllerApplication - Error Closing Design!
java.lang.NullPointerException
	at javax.swing.JComponent.getComponentGraphics(JComponent.java:740)
	at javax.swing.JComponent.paint(JComponent.java:1001)
	at javax.swing.JComponent.update(JComponent.java:965)
	at oracle.dbtools.crest.swingui.ApplicationView.removeDesign(ApplicationView.java:2731)
	at oracle.dbtools.crest.swingui.ControllerApplication$CloseDesign.execute(ControllerApplication.java:2683)
	at oracle.dbtools.crest.swingui.ApplicationView.closeAllDesigns(ApplicationView.java:2757)
	at oracle.dbtools.crest.swingui.ApplicationView.exitApplication(ApplicationView.java:2070)
	at oracle.dbtools.crest.fcp.DataModelerAddin.canShutdown(DataModelerAddin.java:2886)
	at oracle.ide.cmd.ExitCommand.canShutdown(ExitCommand.java:252)
	at oracle.ide.cmd.ExitCommand.doit(ExitCommand.java:509)
	at oracle.ide.controller.CommandProcessor.invoke(CommandProcessor.java:377)
	at oracle.ide.IdeCore.quit(IdeCore.java:844)
	at oracle.ide.Ide.quit(Ide.java:651)
	at com.oracle.jdeveloper.nbwindowsystem.Installer.closing(Installer.java:94)
	at org.netbeans.core.startup.NbInstaller.closing(NbInstaller.java:703)
	at org.netbeans.ModuleManager.shutDownAsync(ModuleManager.java:2188)
	at org.netbeans.core.startup.ModuleSystem.shutDownAsync(ModuleSystem.java:349)
	at org.netbeans.core.NbLifeExit.doExit(NbLifeExit.java:137)
	at org.netbeans.core.NbLifeExit.run(NbLifeExit.java:94)
	at org.netbeans.modules.openide.util.NbMutexEventProvider$Event.doEvent(NbMutexEventProvider.java:118)
	at org.netbeans.modules.openide.util.NbMutexEventProvider$Event.readAccess(NbMutexEventProvider.java:93)
	at org.netbeans.modules.openide.util.LazyMutexImplementation.readAccess(LazyMutexImplementation.java:89)
	at org.openide.util.Mutex.readAccess(Mutex.java:260)
	at org.netbeans.core.NbLifecycleManager.exit(NbLifecycleManager.java:213)
	at org.netbeans.core.NbLifecycleManager.exit(NbLifecycleManager.java:119)
	at org.netbeans.core.windows.view.ui.MainWindow$9.windowClosing(MainWindow.java:546)
	at java.awt.AWTEventMulticaster.windowClosing(AWTEventMulticaster.java:349)
	at java.awt.AWTEventMulticaster.windowClosing(AWTEventMulticaster.java:349)
	at java.awt.Window.processWindowEvent(Window.java:2054)
	at javax.swing.JFrame.processWindowEvent(JFrame.java:305)
	at java.awt.Window.processEvent(Window.java:2013)
	at java.awt.Component.dispatchEventImpl(Component.java:4889)
	at java.awt.Container.dispatchEventImpl(Container.java:2294)
	at java.awt.Window.dispatchEventImpl(Window.java:2746)
	at java.awt.Component.dispatchEvent(Component.java:4711)
	at java.awt.EventQueue.dispatchEventImpl(EventQueue.java:758)
	at java.awt.EventQueue.access$500(EventQueue.java:97)
	at java.awt.EventQueue$3.run(EventQueue.java:709)
	at java.awt.EventQueue$3.run(EventQueue.java:703)
	at java.security.AccessController.doPrivileged(Native Method)
	at java.security.ProtectionDomain$JavaSecurityAccessImpl.doIntersectionPrivilege(ProtectionDomain.java:80)
	at java.security.ProtectionDomain$JavaSecurityAccessImpl.doIntersectionPrivilege(ProtectionDomain.java:90)
	at java.awt.EventQueue$4.run(EventQueue.java:731)
	at java.awt.EventQueue$4.run(EventQueue.java:729)
	at java.security.AccessController.doPrivileged(Native Method)
	at java.security.ProtectionDomain$JavaSecurityAccessImpl.doIntersectionPrivilege(ProtectionDomain.java:80)
	at java.awt.EventQueue.dispatchEvent(EventQueue.java:728)
	at oracle.javatools.internal.ui.EventQueueWrapper._dispatchEvent(EventQueueWrapper.java:169)
	at oracle.javatools.internal.ui.EventQueueWrapper.dispatchEvent(EventQueueWrapper.java:151)
	at java.awt.EventDispatchThread.pumpOneEventForFilters(EventDispatchThread.java:201)
	at java.awt.EventDispatchThread.pumpEventsForFilter(EventDispatchThread.java:116)
	at java.awt.EventDispatchThread.pumpEventsForHierarchy(EventDispatchThread.java:105)
	at java.awt.EventDispatchThread.pumpEvents(EventDispatchThread.java:101)
	at java.awt.EventDispatchThread.pumpEvents(EventDispatchThread.java:93)
	at java.awt.EventDispatchThread.run(EventDispatchThread.java:82)
2019-01-03 15:39:06,930 [AWT-EventQueue-0] INFO  ERDEditor - Oracle SQL Developer Data Modeler 17.3.0.261.1541
2019-01-14 14:40:04,819 [AWT-EventQueue-0] INFO  ERDEditor - Oracle SQL Developer Data Modeler 17.3.0.261.1541
2019-01-14 19:53:09,628 [AWT-EventQueue-0] INFO  ERDEditor - Oracle SQL Developer Data Modeler 17.3.0.261.1541
